# JRE version: Java(TM) SE Runtime Environment (8.0_141-b15) (build 1.8.0_141-b15)
# Java VM: Java HotSpot(TM) 64-Bit Server VM (25.141-b15 mixed mode linux-amd64 compressed oops)
Heap:
 PSYoungGen      total 243712K, used 63552K [0x00000000eab00000, 0x00000000ffc80000, 0x0000000100000000)
  eden space 141824K, 0% used [0x00000000eab00000,0x00000000eab00000,0x00000000f3580000)
  from space 101888K, 62% used [0x00000000f9900000,0x00000000fd7102b8,0x00000000ffc80000)
  to   space 101888K, 0% used [0x00000000f3580000,0x00000000f3580000,0x00000000f9900000)
 ParOldGen       total 470016K, used 469528K [0x00000000c0000000, 0x00000000dcb00000, 0x00000000eab00000)
  object space 470016K, 99% used [0x00000000c0000000,0x00000000dca86388,0x00000000dcb00000)
 Metaspace       used 49155K, capacity 49760K, committed 50304K, reserved 1093632K
  class space    used 6740K, capacity 6903K, committed 7040K, reserved 1048576K
GC Heap History (10 events):
Event: 1607.076 GC heap after
Heap after GC invocations=115 (full 5):
 PSYoungGen      total 244224K, used 89346K [0x00000000eab00000, 0x0000000100000000, 0x0000000100000000)
  eden space 139264K, 0% used [0x00000000eab00000,0x00000000eab00000,0x00000000f3300000)
  from space 104960K, 85% used [0x00000000f9980000,0x00000000ff0c09e8,0x0000000100000000)
  to   space 104960K, 0% used [0x00000000f3300000,0x00000000f3300000,0x00000000f9980000)
 ParOldGen       total 470016K, used 428946K [0x00000000c0000000, 0x00000000dcb00000, 0x00000000eab00000)
  object space 470016K, 91% used [0x00000000c0000000,0x00000000da2e4800,0x00000000dcb00000)
 Metaspace       used 49155K, capacity 49760K, committed 50304K, reserved 1093632K
  class space    used 6740K, capacity 6903K, committed 7040K, reserved 1048576K
}
Event: 1667.534 GC heap before
{Heap before GC invocations=116 (full 5):
 PSYoungGen      total 244224K, used 228610K [0x00000000eab00000, 0x0000000100000000, 0x0000000100000000)
  eden space 139264K, 100% used [0x00000000eab00000,0x00000000f3300000,0x00000000f3300000)
  from space 104960K, 85% used [0x00000000f9980000,0x00000000ff0c09e8,0x0000000100000000)
  to   space 104960K, 0% used [0x00000000f3300000,0x00000000f3300000,0x00000000f9980000)
 ParOldGen       total 470016K, used 428946K [0x00000000c0000000, 0x00000000dcb00000, 0x00000000eab00000)
  object space 470016K, 91% used [0x00000000c0000000,0x00000000da2e4800,0x00000000dcb00000)
 Metaspace       used 49155K, capacity 49760K, committed 50304K, reserved 1093632K
  class space    used 6740K, capacity 6903K, committed 7040K, reserved 1048576K
Event: 1667.880 GC heap after
Heap after GC invocations=116 (full 5):
 PSYoungGen      total 244224K, used 89550K [0x00000000eab00000, 0x0000000100000000, 0x0000000100000000)
  eden space 139264K, 0% used [0x00000000eab00000,0x00000000eab00000,0x00000000f3300000)
  from space 104960K, 85% used [0x00000000f3300000,0x00000000f8a73bc8,0x00000000f9980000)
  to   space 104960K, 0% used [0x00000000f9980000,0x00000000f9980000,0x0000000100000000)
 ParOldGen       total 470016K, used 434910K [0x00000000c0000000, 0x00000000dcb00000, 0x00000000eab00000)
  object space 470016K, 92% used [0x00000000c0000000,0x00000000da8b7bc0,0x00000000dcb00000)
 Metaspace       used 49155K, capacity 49760K, committed 50304K, reserved 1093632K
  class space    used 6740K, capacity 6903K, committed 7040K, reserved 1048576K
}
Event: 1669.657 GC heap before
{Heap before GC invocations=117 (full 5):
 PSYoungGen      total 244224K, used 228814K [0x00000000eab00000, 0x0000000100000000, 0x0000000100000000)
  eden space 139264K, 100% used [0x00000000eab00000,0x00000000f3300000,0x00000000f3300000)
  from space 104960K, 85% used [0x00000000f3300000,0x00000000f8a73bc8,0x00000000f9980000)
  to   space 104960K, 0% used [0x00000000f9980000,0x00000000f9980000,0x0000000100000000)
 ParOldGen       total 470016K, used 434910K [0x00000000c0000000, 0x00000000dcb00000, 0x00000000eab00000)
  object space 470016K, 92% used [0x00000000c0000000,0x00000000da8b7bc0,0x00000000dcb00000)
 Metaspace       used 49155K, capacity 49760K, committed 50304K, reserved 1093632K
  class space    used 6740K, capacity 6903K, committed 7040K, reserved 1048576K
Event: 1669.709 GC heap after
Heap after GC invocations=117 (full 5):
 PSYoungGen      total 243200K, used 89422K [0x00000000eab00000, 0x00000000fff00000, 0x0000000100000000)
  eden space 139264K, 0% used [0x00000000eab00000,0x00000000eab00000,0x00000000f3300000)
  from space 103936K, 86% used [0x00000000f9980000,0x00000000ff0d3bc8,0x00000000fff00000)
  to   space 104448K, 0% used [0x00000000f3300000,0x00000000f3300000,0x00000000f9900000)
 ParOldGen       total 470016K, used 441727K [0x00000000c0000000, 0x00000000dcb00000, 0x00000000eab00000)
  object space 470016K, 93% used [0x00000000c0000000,0x00000000daf5fc10,0x00000000dcb00000)
 Metaspace       used 49155K, capacity 49760K, committed 50304K, reserved 1093632K
  class space    used 6740K, capacity 6903K, committed 7040K, reserved 1048576K
}
Event: 1671.061 GC heap before
{Heap before GC invocations=118 (full 5):
 PSYoungGen      total 243200K, used 228686K [0x00000000eab00000, 0x00000000fff00000, 0x0000000100000000)
  eden space 139264K, 100% used [0x00000000eab00000,0x00000000f3300000,0x00000000f3300000)
  from space 103936K, 86% used [0x00000000f9980000,0x00000000ff0d3bc8,0x00000000fff00000)
  to   space 104448K, 0% used [0x00000000f3300000,0x00000000f3300000,0x00000000f9900000)
 ParOldGen       total 470016K, used 441727K [0x00000000c0000000, 0x00000000dcb00000, 0x00000000eab00000)
  object space 470016K, 93% used [0x00000000c0000000,0x00000000daf5fc10,0x00000000dcb00000)
 Metaspace       used 49155K, capacity 49760K, committed 50304K, reserved 1093632K
  class space    used 6740K, capacity 6903K, committed 7040K, reserved 1048576K
Event: 1671.098 GC heap after
Heap after GC invocations=118 (full 5):
 PSYoungGen      total 243712K, used 86164K [0x00000000eab00000, 0x00000000ffd80000, 0x0000000100000000)
  eden space 139264K, 0% used [0x00000000eab00000,0x00000000eab00000,0x00000000f3300000)
  from space 104448K, 82% used [0x00000000f3300000,0x00000000f87251e8,0x00000000f9900000)
  to   space 102912K, 0% used [0x00000000f9900000,0x00000000f9900000,0x00000000ffd80000)
 ParOldGen       total 470016K, used 451673K [0x00000000c0000000, 0x00000000dcb00000, 0x00000000eab00000)
  object space 470016K, 96% used [0x00000000c0000000,0x00000000db916640,0x00000000dcb00000)
 Metaspace       used 49155K, capacity 49760K, committed 50304K, reserved 1093632K
  class space    used 6740K, capacity 6903K, committed 7040K, reserved 1048576K
}
Event: 1698.419 GC heap before
{Heap before GC invocations=119 (full 5):
 PSYoungGen      total 243712K, used 224641K [0x00000000eab00000, 0x00000000ffd80000, 0x0000000100000000)
  eden space 139264K, 99% used [0x00000000eab00000,0x00000000f323b278,0x00000000f3300000)
  from space 104448K, 82% used [0x00000000f3300000,0x00000000f87251e8,0x00000000f9900000)
  to   space 102912K, 0% used [0x00000000f9900000,0x00000000f9900000,0x00000000ffd80000)
 ParOldGen       total 470016K, used 451673K [0x00000000c0000000, 0x00000000dcb00000, 0x00000000eab00000)
  object space 470016K, 96% used [0x00000000c0000000,0x00000000db916640,0x00000000dcb00000)
 Metaspace       used 49155K, capacity 49760K, committed 50304K, reserved 1093632K
  class space    used 6740K, capacity 6903K, committed 7040K, reserved 1048576K
Event: 1700.082 GC heap after
Heap after GC invocations=119 (full 5):
 PSYoungGen      total 243712K, used 80702K [0x00000000eab00000, 0x00000000ffc80000, 0x0000000100000000)
  eden space 141824K, 0% used [0x00000000eab00000,0x00000000eab00000,0x00000000f3580000)
  from space 101888K, 79% used [0x00000000f9900000,0x00000000fe7cf8d8,0x00000000ffc80000)
  to   space 101888K, 0% used [0x00000000f3580000,0x00000000f3580000,0x00000000f9900000)
 ParOldGen       total 470016K, used 463844K [0x00000000c0000000, 0x00000000dcb00000, 0x00000000eab00000)
  object space 470016K, 98% used [0x00000000c0000000,0x00000000dc4f91f0,0x00000000dcb00000)
 Metaspace       used 49155K, capacity 49760K, committed 50304K, reserved 1093632K
  class space    used 6740K, capacity 6903K, committed 7040K, reserved 1048576K
}
Event: 1700.121 GC heap before
{Heap before GC invocations=120 (full 6):
 PSYoungGen      total 243712K, used 80702K [0x00000000eab00000, 0x00000000ffc80000, 0x0000000100000000)
  eden space 141824K, 0% used [0x00000000eab00000,0x00000000eab00000,0x00000000f3580000)
  from space 101888K, 79% used [0x00000000f9900000,0x00000000fe7cf8d8,0x00000000ffc80000)
  to   space 101888K, 0% used [0x00000000f3580000,0x00000000f3580000,0x00000000f9900000)
 ParOldGen       total 470016K, used 463844K [0x00000000c0000000, 0x00000000dcb00000, 0x00000000eab00000)
  object space 470016K, 98% used [0x00000000c0000000,0x00000000dc4f91f0,0x00000000dcb00000)
 Metaspace       used 49155K, capacity 49760K, committed 50304K, reserved 1093632K
  class space    used 6740K, capacity 6903K, committed 7040K, reserved 1048576K

